GrocerAndroidApp/app/build/outputs/logs/manifest-merger-debug-report.txt
-- Merging decision tree log ---
manifest
ADDED from src/main/AndroidManifest.xml:16:1-111:12
	package
		ADDED from src/main/AndroidManifest.xml:17:5-30
		INJECTED from src/main/AndroidManifest.xml
		INJECTED from src/main/AndroidManifest.xml
	android:versionName
		INJECTED from src/main/AndroidManifest.xml
		INJECTED from src/main/AndroidManifest.xml
	xmlns:android
		ADDED from src/main/AndroidManifest.xml:16:11-69
	android:versionCode
		INJECTED from src/main/AndroidManifest.xml
		INJECTED from src/main/AndroidManifest.xml
uses-permission#android.permission.INTERNET
ADDED from src/main/AndroidManifest.xml:19:5-67
MERGED from [net.hockeyapp.android:HockeySDK:4.1.1] AndroidManifest.xml:12:5-67
	android:name
		ADDED from src/main/AndroidManifest.xml:19:22-64
uses-permission#android.permission.ACCESS_NETWORK_STATE
ADDED from src/main/AndroidManifest.xml:20:5-79
MERGED from [net.hockeyapp.android:HockeySDK:4.1.1] AndroidManifest.xml:11:5-79
	android:name
		ADDED from src/main/AndroidManifest.xml:20:22-76
uses-permission#android.permission.ACCESS_WIFI_STATE
ADDED from src/main/AndroidManifest.xml:21:5-76
	android:name
		ADDED from src/main/AndroidManifest.xml:21:22-73
uses-permission#android.permission.GET_ACCOUNTS
ADDED from src/main/AndroidManifest.xml:22:5-71
	android:name
		ADDED from src/main/AndroidManifest.xml:22:22-68
uses-permission#android.permission.USE_CREDENTIALS
ADDED from src/main/AndroidManifest.xml:23:5-74
	android:name
		ADDED from src/main/AndroidManifest.xml:23:22-71
uses-permission#android.permission.WAKE_LOCK
ADDED from src/main/AndroidManifest.xml:25:5-68
	android:name
		ADDED from src/main/AndroidManifest.xml:25:22-65
application
ADDED from src/main/AndroidManifest.xml:27:5-110:19
MERGED from [com.android.support:appcompat-v7:25.0.0] AndroidManifest.xml:25:5-20
MERGED from [com.android.support:animated-vector-drawable:25.0.0] AndroidManifest.xml:22:5-20
MERGED from [com.android.support:support-vector-drawable:25.0.0] AndroidManifest.xml:23:5-20
MERGED from [com.facebook.android:facebook-android-sdk:4.6.0] AndroidManifest.xml:28:5-20
MERGED from [com.google.android.gms:play-services-plus:7.8.0] AndroidManifest.xml:19:5-20
MERGED from [com.google.android.gms:play-services-base:7.8.0] AndroidManifest.xml:20:5-24:19
MERGED from [com.android.support:support-v4:25.0.0] AndroidManifest.xml:25:5-20
MERGED from [com.android.support:support-fragment:25.0.0] AndroidManifest.xml:25:5-20
MERGED from [com.android.support:support-media-compat:25.0.0] AndroidManifest.xml:25:5-20
MERGED from [com.android.support:support-core-utils:25.0.0] AndroidManifest.xml:25:5-20
MERGED from [com.android.support:support-core-ui:25.0.1] AndroidManifest.xml:25:5-20
MERGED from [com.android.support:support-compat:25.0.1] AndroidManifest.xml:25:5-20
MERGED from [com.android.support:cardview-v7:25.0.0] AndroidManifest.xml:22:5-20
MERGED from [net.hockeyapp.android:HockeySDK:4.1.1] AndroidManifest.xml:15:5-21:19
	android:label
		ADDED from src/main/AndroidManifest.xml:30:9-41
	android:hardwareAccelerated
		ADDED from src/main/AndroidManifest.xml:33:9-44
	android:allowBackup
		ADDED from src/main/AndroidManifest.xml:28:9-35
	android:icon
		ADDED from src/main/AndroidManifest.xml:29:9-43
	android:theme
		ADDED from src/main/AndroidManifest.xml:31:9-40
	android:name
		ADDED from src/main/AndroidManifest.xml:32:9-51
activity#com.mysampleapp.Lobby
ADDED from src/main/AndroidManifest.xml:35:9-36:55
	android:hardwareAccelerated
		ADDED from src/main/AndroidManifest.xml:36:19-53
	android:name
		ADDED from src/main/AndroidManifest.xml:35:19-40
activity#com.mysampleapp.UserProfile
ADDED from src/main/AndroidManifest.xml:37:9-38:56
	android:parentActivityName
		ADDED from src/main/AndroidManifest.xml:38:19-54
	android:name
		ADDED from src/main/AndroidManifest.xml:37:19-46
activity#com.mysampleapp.RecipeLobby
ADDED from src/main/AndroidManifest.xml:39:9-40:63
	android:parentActivityName
		ADDED from src/main/AndroidManifest.xml:40:19-61
	android:name
		ADDED from src/main/AndroidManifest.xml:39:19-46
activity#com.mysampleapp.RecipeActivity
ADDED from src/main/AndroidManifest.xml:41:9-42:62
	android:parentActivityName
		ADDED from src/main/AndroidManifest.xml:42:19-60
	android:name
		ADDED from src/main/AndroidManifest.xml:41:19-49
activity#com.mysampleapp.BundlesLobby
ADDED from src/main/AndroidManifest.xml:43:9-44:56
	android:parentActivityName
		ADDED from src/main/AndroidManifest.xml:44:19-54
	android:name
		ADDED from src/main/AndroidManifest.xml:43:19-47
activity#com.mysampleapp.CookNowActivity
ADDED from src/main/AndroidManifest.xml:45:9-46:66
	android:parentActivityName
		ADDED from src/main/AndroidManifest.xml:46:19-64
	android:name
		ADDED from src/main/AndroidManifest.xml:45:19-50
activity#com.mysampleapp.PrepNowActivity
ADDED from src/main/AndroidManifest.xml:47:9-48:65
	android:parentActivityName
		ADDED from src/main/AndroidManifest.xml:48:19-63
	android:name
		ADDED from src/main/AndroidManifest.xml:47:19-50
activity#com.mysampleapp.SplashActivity
ADDED from src/main/AndroidManifest.xml:50:9-58:20
	android:label
		ADDED from src/main/AndroidManifest.xml:52:13-45
	android:configChanges
		ADDED from src/main/AndroidManifest.xml:53:13-83
	android:name
		ADDED from src/main/AndroidManifest.xml:51:13-43
intent-filter#android.intent.action.MAIN+android.intent.category.LAUNCHER
ADDED from src/main/AndroidManifest.xml:54:13-57:29
action#android.intent.action.MAIN
ADDED from src/main/AndroidManifest.xml:55:17-69
	android:name
		ADDED from src/main/AndroidManifest.xml:55:25-66
category#android.intent.category.LAUNCHER
ADDED from src/main/AndroidManifest.xml:56:17-77
	android:name
		ADDED from src/main/AndroidManifest.xml:56:27-74
activity#com.mysampleapp.SignInActivity
ADDED from src/main/AndroidManifest.xml:59:9-64:20
	android:label
		ADDED from src/main/AndroidManifest.xml:61:13-59
	android:configChanges
		ADDED from src/main/AndroidManifest.xml:62:13-83
	android:name
		ADDED from src/main/AndroidManifest.xml:60:13-43
activity#com.mysampleapp.demo.userpools.ForgotPasswordActivity
ADDED from src/main/AndroidManifest.xml:65:9-70:20
	android:label
		ADDED from src/main/AndroidManifest.xml:67:13-67
	android:configChanges
		ADDED from src/main/AndroidManifest.xml:68:13-83
	android:name
		ADDED from src/main/AndroidManifest.xml:66:13-66
activity#com.mysampleapp.demo.userpools.SignUpActivity
ADDED from src/main/AndroidManifest.xml:71:9-76:20
	android:label
		ADDED from src/main/AndroidManifest.xml:73:13-59
	android:configChanges
		ADDED from src/main/AndroidManifest.xml:74:13-83
	android:name
		ADDED from src/main/AndroidManifest.xml:72:13-58
activity#com.mysampleapp.demo.userpools.MFAActivity
ADDED from src/main/AndroidManifest.xml:77:9-82:20
	android:label
		ADDED from src/main/AndroidManifest.xml:79:13-55
	android:configChanges
		ADDED from src/main/AndroidManifest.xml:80:13-83
	android:name
		ADDED from src/main/AndroidManifest.xml:78:13-55
activity#com.mysampleapp.demo.userpools.SignUpConfirmActivity
ADDED from src/main/AndroidManifest.xml:83:9-88:20
	android:label
		ADDED from src/main/AndroidManifest.xml:85:13-67
	android:configChanges
		ADDED from src/main/AndroidManifest.xml:86:13-83
	android:name
		ADDED from src/main/AndroidManifest.xml:84:13-65
activity#com.mysampleapp.MainActivity
ADDED from src/main/AndroidManifest.xml:89:9-93:20
	android:label
		ADDED from src/main/AndroidManifest.xml:92:13-56
	android:launchMode
		ADDED from src/main/AndroidManifest.xml:91:13-48
	android:name
		ADDED from src/main/AndroidManifest.xml:90:13-41
activity#com.facebook.FacebookActivity
ADDED from src/main/AndroidManifest.xml:97:9-101:75
	android:label
		ADDED from src/main/AndroidManifest.xml:100:13-45
	android:configChanges
		ADDED from src/main/AndroidManifest.xml:99:13-96
	android:theme
		ADDED from src/main/AndroidManifest.xml:101:13-72
	android:name
		ADDED from src/main/AndroidManifest.xml:98:13-57
meta-data#com.facebook.sdk.ApplicationId
ADDED from src/main/AndroidManifest.xml:103:9-108
	android:value
		ADDED from src/main/AndroidManifest.xml:103:66-105
	android:name
		ADDED from src/main/AndroidManifest.xml:103:20-65
meta-data#com.google.android.gms.version
ADDED from src/main/AndroidManifest.xml:107:9-109:69
MERGED from [com.google.android.gms:play-services-base:7.8.0] AndroidManifest.xml:21:9-23:69
	android:value
		ADDED from src/main/AndroidManifest.xml:109:13-66
	android:name
		ADDED from src/main/AndroidManifest.xml:108:13-58
uses-sdk
INJECTED from src/main/AndroidManifest.xml reason: use-sdk injection requested
MERGED from [com.android.support:multidex:1.0.1] AndroidManifest.xml:18:5-42
MERGED from [com.android.support:appcompat-v7:25.0.0] AndroidManifest.xml:21:5-23:78
MERGED from [com.android.support:animated-vector-drawable:25.0.0] AndroidManifest.xml:20:5-44
MERGED from [com.android.support:support-vector-drawable:25.0.0] AndroidManifest.xml:21:5-43
MERGED from [com.facebook.android:facebook-android-sdk:4.6.0] AndroidManifest.xml:24:5-26:41
MERGED from [com.google.android.gms:play-services-plus:7.8.0] AndroidManifest.xml:18:5-42
MERGED from [com.google.android.gms:play-services-base:7.8.0] AndroidManifest.xml:18:5-42
MERGED from [com.android.support:support-v4:25.0.0] AndroidManifest.xml:21:5-23:54
MERGED from [com.android.support:support-fragment:25.0.0] AndroidManifest.xml:21:5-23:60
MERGED from [com.android.support:support-media-compat:25.0.0] AndroidManifest.xml:21:5-23:63
MERGED from [com.android.support:support-core-utils:25.0.0] AndroidManifest.xml:21:5-23:61
MERGED from [com.android.support:recyclerview-v7:25.0.1] AndroidManifest.xml:20:5-43
MERGED from [com.android.support:support-core-ui:25.0.1] AndroidManifest.xml:21:5-23:58
MERGED from [com.android.support:support-compat:25.0.1] AndroidManifest.xml:21:5-23:58
MERGED from [com.android.support:cardview-v7:25.0.0] AndroidManifest.xml:20:5-43
MERGED from [net.hockeyapp.android:HockeySDK:4.1.1] AndroidManifest.xml:7:5-9:41
	tools:overrideLibrary
		ADDED from [com.android.support:appcompat-v7:25.0.0] AndroidManifest.xml:23:9-75
	android:targetSdkVersion
		INJECTED from src/main/AndroidManifest.xml
		INJECTED from src/main/AndroidManifest.xml
	android:minSdkVersion
		INJECTED from src/main/AndroidManifest.xml
		INJECTED from src/main/AndroidManifest.xml
uses-permission#android.permission.WRITE_EXTERNAL_STORAGE
ADDED from [net.hockeyapp.android:HockeySDK:4.1.1] AndroidManifest.xml:13:5-81
	android:name
		ADDED from [net.hockeyapp.android:HockeySDK:4.1.1] AndroidManifest.xml:13:22-78
activity#net.hockeyapp.android.UpdateActivity
ADDED from [net.hockeyapp.android:HockeySDK:4.1.1] AndroidManifest.xml:16:9-73
	android:name
		ADDED from [net.hockeyapp.android:HockeySDK:4.1.1] AndroidManifest.xml:16:19-70
activity#net.hockeyapp.android.FeedbackActivity
ADDED from [net.hockeyapp.android:HockeySDK:4.1.1] AndroidManifest.xml:17:9-75
	android:name
		ADDED from [net.hockeyapp.android:HockeySDK:4.1.1] AndroidManifest.xml:17:19-72
activity#net.hockeyapp.android.PaintActivity
ADDED from [net.hockeyapp.android:HockeySDK:4.1.1] AndroidManifest.xml:18:9-72
	android:name
		ADDED from [net.hockeyapp.android:HockeySDK:4.1.1] AndroidManifest.xml:18:19-69
activity#net.hockeyapp.android.LoginActivity
ADDED from [net.hockeyapp.android:HockeySDK:4.1.1] AndroidManifest.xml:19:9-72
	android:name
		ADDED from [net.hockeyapp.android:HockeySDK:4.1.1] AndroidManifest.xml:19:19-69
activity#net.hockeyapp.android.ExpiryInfoActivity
ADDED from [net.hockeyapp.android:HockeySDK:4.1.1] AndroidManifest.xml:20:9-77
	android:name
		ADDED from [net.hockeyapp.android:HockeySDK:4.1.1] AndroidManifest.xml:20:19-74
android:uses-permission#android.permission.READ_EXTERNAL_STORAGE
IMPLIED from src/main/AndroidManifest.xml:16:1-111:12 reason: net.hockeyapp.android requested WRITE_EXTERNAL_STORAGE